<?xml version="1.0" encoding="UTF-8"?>
<!-- Generated by org.testng.reporters.JUnitXMLReporter -->
<testsuite hostname="PC" ignored="0" name="Test" tests="1" failures="0" timestamp="28 Apr 2019 13:30:53 GMT" time="16.117" errors="0">
  <testcase name="@AfterMethod tearDownScreenshot" time="0.464" classname="com.testautomation.pages.BaseClass">
    <failure type="java.lang.NullPointerException">
      <![CDATA[java.lang.NullPointerException
at com.testautomation.pages.BaseClass.tearDownScreenshot(BaseClass.java:70)
... Removed 28 stack frames]]>
    </failure>
  </testcase> <!-- @AfterMethod tearDownScreenshot -->
  <testcase name="@AfterClass tearDown" time="0.0" classname="com.testautomation.pages.BaseClass">
    <skipped/>
  </testcase> <!-- @AfterClass tearDown -->
  <testcase name="loginApplication" time="7.736" classname="com.testautomation.testcases.LoginApplication"/>
</testsuite> <!-- Test -->
